<?xml version="1.0" encoding="UTF-8"?>
<!-- Generated by org.testng.reporters.JUnitReportReporter -->
<testsuite skipped="0" hostname="DEVOPS_05" name="Tdd.NewTest" tests="1" failures="0" timestamp="30 Jul 2018 15:34:44 GMT" time="0.706" errors="0">
  <testcase name="f" time="0.706" classname="Tdd.NewTest"/>
</testsuite> <!-- Tdd.NewTest -->
